Building DAG of jobs...
Using shell: /usr/bin/bash
Provided cores: 8
Rules claiming more threads will be scaled down.
Job counts:
	count	jobs
	1	all
	1	annot_table
	1	blastp
	1	merge_GO_and_KEGG_annotation
	1	pfam
	1	signalp
	6

[Sun Feb 12 18:35:04 2023]
Job 3: Hmmscan using PFAM..


[Sun Feb 12 18:35:04 2023]
Job 4: Signalp..

[Sun Feb 12 18:35:05 2023]
Finished job 4.
1 of 6 steps (17%) done

[Sun Feb 12 18:35:05 2023]
Job 2: Blastp vs SwissProt..

[Sun Feb 12 18:35:05 2023]
Finished job 2.
2 of 6 steps (33%) done
[Sun Feb 12 18:35:11 2023]
Finished job 3.
3 of 6 steps (50%) done

[Sun Feb 12 18:35:11 2023]
Job 5: Merging GO and KEGG term..

[Sun Feb 12 18:35:52 2023]
Finished job 5.
4 of 6 steps (67%) done

[Sun Feb 12 18:35:52 2023]
Job 1: Generating the annotation table..

[Sun Feb 12 18:35:52 2023]
Finished job 1.
5 of 6 steps (83%) done

[Sun Feb 12 18:35:52 2023]
localrule all:
    input: annotation_table.tbl
    jobid: 0

[Sun Feb 12 18:35:52 2023]
Finished job 0.
6 of 6 steps (100%) done
Complete log: /scratch2/free/programs/PAP/gitPAP/example/.snakemake/log/2023-02-12T183504.591056.snakemake.log
