Building DAG of jobs...
Using shell: /usr/bin/bash
Provided cores: 4
Rules claiming more threads will be scaled down.
Job counts:
	count	jobs
	1	all
	1	annot_table
	1	blastp
	1	merge_GO_and_KEGG_annotation
	1	pfam
	1	signalp
	6

[Sun Feb 12 18:24:37 2023]
Job 2: Blastp vs SwissProt..


[Sun Feb 12 18:24:37 2023]
Job 4: Signalp..

[Sun Feb 12 18:24:37 2023]
Error in rule blastp:
    jobid: 2
    output: blastp_sprot.outfmt6
    shell:
        diamond blastp --threads 2 --max-target-seqs 1 --evalue 0.001 -d DB/uniprot_sprot.fasta -q protein.faa -o blastp_sprot.outfmt6
        (one of the commands exited with non-zero exit code; note that snakemake uses bash strict mode!)

[Sun Feb 12 18:24:39 2023]
Finished job 4.
1 of 6 steps (17%) done
Shutting down, this might take some time.
Exiting because a job execution failed. Look above for error message
Complete log: /scratch2/free/programs/PAP/gitPAP/example/.snakemake/log/2023-02-12T182437.482018.snakemake.log
